<?xml version="1.0" encoding="UTF-8"?>
<testsuite name="CorrecterTest" tests="1" skipped="0" failures="0" errors="0" timestamp="2019-09-30T14:25:28" hostname="Leandros-MacBook-Pro.local" time="0.05">
  <properties/>
  <testcase name="start" classname="CorrecterTest" time="0.05"/>
  <system-out><![CDATA[SoGe nexcltogteZt
sepdlmesyane tu ksej wixhri  #42p5y
yhq
]]></system-out>
  <system-err><![CDATA[Start test 1
Start test 2
Start test 3
]]></system-err>
</testsuite>
