<?xml version="1.0" encoding="UTF-8"?>
<testsuite name="CorrecterTest" tests="1" skipped="0" failures="0" errors="0" timestamp="2019-09-30T17:35:13" hostname="Leandros-MacBook-Pro.local" time="0.099">
  <properties/>
  <testcase name="start" classname="CorrecterTest" time="0.099"/>
  <system-out><![CDATA[Some text to test
SSSooommmeee   ttteeexxxttt   tttooo   ttteeesssttt
ZSSorommPVeeD  yttWeeLxxtEty  tt ooEN  NttfeecssHtt
Some text to test
send message to user with id #42354
ssseeennnddd   mmmeeessssssaaagggeee   tttooo   uuussseeerrr   wwwiiittthhh   iiiddd   ###444222333555444
sskeTemnndLdM  mmyeeGsNsgssGaaZggece e tktgoo i fuunssesearr  biwwiiWGtthht  fiixddGk  f##q442N2w3355T4K4
send message to user with id #42354
thq
ttthhhqqq
tAthhuqqk
thq
]]></system-out>
  <system-err><![CDATA[Start test 1
Start test 2
Start test 3
]]></system-err>
</testsuite>
