<?xml version="1.0" encoding="UTF-8"?>
<testsuite name="CorrecterTest" tests="1" skipped="0" failures="0" errors="0" timestamp="2019-10-01T11:48:08" hostname="Leandros-MacBook-Pro.local" time="0.055">
  <properties/>
  <testcase name="start" classname="CorrecterTest" time="0.055"/>
  <system-out><![CDATA[



]]></system-out>
  <system-err><![CDATA[Start test 1
Start test 2
Start test 3
Start test 4
]]></system-err>
</testsuite>
